<?xml version="1.0" encoding="UTF-8"?>
<!-- Generated by org.testng.reporters.JUnitReportReporter -->
<testsuite name="com.infy.CreateAzureCust" tests="1" time="1.828" ignored="0" failures="0" timestamp="02 Dec 2020 08:05:09 GMT" skipped="0" hostname="BalajiBiradar" errors="0">
  <testcase name="createCust" time="1.828" classname="com.infy.CreateAzureCust"/>
</testsuite> <!-- com.infy.CreateAzureCust -->
